<?xml version="1.0" encoding="UTF-8"?>
<!-- Generated by org.testng.reporters.JUnitXMLReporter -->
<testsuite hostname="DESKTOP-JEP0KT9" ignored="0" name="Test" tests="11" failures="0" timestamp="2020-07-03T17:43:32 IST" time="317.788" errors="0">
  <testcase name="login" time="17.078" classname="com.sa.happytrip.tests.pages.login_PageModel"/>
  <testcase name="ReadData1" time="19.397" classname="com.sa.happytrip.tests.testcases.ScheduleFlight_ExtentReport"/>
  <testcase name="ReadData10" time="26.555" classname="com.sa.happytrip.tests.testcases.ScheduleFlight_ExtentReport"/>
  <testcase name="ReadData2" time="16.17" classname="com.sa.happytrip.tests.testcases.ScheduleFlight_ExtentReport"/>
  <testcase name="ReadData3" time="17.198" classname="com.sa.happytrip.tests.testcases.ScheduleFlight_ExtentReport"/>
  <testcase name="ReadData4" time="18.352" classname="com.sa.happytrip.tests.testcases.ScheduleFlight_ExtentReport"/>
  <testcase name="ReadData5" time="14.157" classname="com.sa.happytrip.tests.testcases.ScheduleFlight_ExtentReport"/>
  <testcase name="ReadData6" time="14.757" classname="com.sa.happytrip.tests.testcases.ScheduleFlight_ExtentReport"/>
  <testcase name="ReadData7" time="13.482" classname="com.sa.happytrip.tests.testcases.ScheduleFlight_ExtentReport"/>
  <testcase name="ReadData8" time="13.756" classname="com.sa.happytrip.tests.testcases.ScheduleFlight_ExtentReport"/>
  <testcase name="ReadData9" time="15.459" classname="com.sa.happytrip.tests.testcases.ScheduleFlight_ExtentReport"/>
</testsuite> <!-- Test -->
