<?xml version="1.0" encoding="UTF-8"?>
<!-- Generated by org.testng.reporters.JUnitXMLReporter -->
<testsuite hostname="DESKTOP-JEP0KT9" ignored="0" name="Command line test" tests="10" failures="0" timestamp="2020-07-03T20:28:01 IST" time="328.067" errors="0">
  <testcase name="ReadData1" time="35.261" classname="com.sa.happytrip.tests.testcases.TestCase_01"/>
  <testcase name="ReadData2" time="24.241" classname="com.sa.happytrip.tests.testcases.TestCase_02"/>
  <testcase name="ReadData3" time="11.365" classname="com.sa.happytrip.tests.testcases.TestCase_03"/>
  <testcase name="ReadData4" time="13.527" classname="com.sa.happytrip.tests.testcases.TestCase_04"/>
  <testcase name="ReadData5" time="12.737" classname="com.sa.happytrip.tests.testcases.TestCase_05"/>
  <testcase name="ReadData6" time="13.823" classname="com.sa.happytrip.tests.testcases.TestCase_06"/>
  <testcase name="ReadData7" time="13.536" classname="com.sa.happytrip.tests.testcases.TestCase_07"/>
  <testcase name="ReadData8" time="13.706" classname="com.sa.happytrip.tests.testcases.TestCase_08"/>
  <testcase name="ReadData9" time="11.246" classname="com.sa.happytrip.tests.testcases.TestCase_09"/>
  <testcase name="ReadData10" time="12.52" classname="com.sa.happytrip.tests.testcases.TestCase_10"/>
</testsuite> <!-- Command line test -->
