<?xml version="1.0" encoding="UTF-8"?>
<testng-results skipped="0" failed="0" ignored="0" total="10" passed="10">
  <reporter-output>
  </reporter-output>
  <suite name="Command line suite" duration-ms="328067" started-at="2020-07-03T20:22:32 IST" finished-at="2020-07-03T20:28:00 IST">
    <groups>
    </groups>
    <test name="Command line test" duration-ms="328067" started-at="2020-07-03T20:22:32 IST" finished-at="2020-07-03T20:28:00 IST">
      <class name="com.sa.happytrip.tests.testcases.TestCase_10">
        <test-method status="PASS" signature="setup()[pri:0, instance:com.sa.happytrip.tests.testcases.TestCase_10@25bbe1b6]" name="setup" is-config="true" duration-ms="5717" started-at="2020-07-03T20:27:41 IST" finished-at="2020-07-03T20:27:47 IST">
          <reporter-output>
          </reporter-output>
        </test-method> <!-- setup -->
        <test-method status="PASS" signature="ReadData10()[pri:0, instance:com.sa.happytrip.tests.testcases.TestCase_10@25bbe1b6]" name="ReadData10" duration-ms="12520" started-at="2020-07-03T20:27:47 IST" finished-at="2020-07-03T20:27:59 IST">
          <reporter-output>
          </reporter-output>
        </test-method> <!-- ReadData10 -->
        <test-method status="PASS" signature="teardown()[pri:0, instance:com.sa.happytrip.tests.testcases.TestCase_10@25bbe1b6]" name="teardown" is-config="true" duration-ms="809" started-at="2020-07-03T20:27:59 IST" finished-at="2020-07-03T20:28:00 IST">
          <reporter-output>
          </reporter-output>
        </test-method> <!-- teardown -->
      </class> <!-- com.sa.happytrip.tests.testcases.TestCase_10 -->
      <class name="com.sa.happytrip.tests.testcases.TestCase_09">
        <test-method status="PASS" signature="setup()[pri:0, instance:com.sa.happytrip.tests.testcases.TestCase_09@ff5b51f]" name="setup" is-config="true" duration-ms="5552" started-at="2020-07-03T20:27:24 IST" finished-at="2020-07-03T20:27:29 IST">
          <reporter-output>
          </reporter-output>
        </test-method> <!-- setup -->
        <test-method status="PASS" signature="ReadData9()[pri:0, instance:com.sa.happytrip.tests.testcases.TestCase_09@ff5b51f]" name="ReadData9" duration-ms="11246" started-at="2020-07-03T20:27:29 IST" finished-at="2020-07-03T20:27:40 IST">
          <reporter-output>
          </reporter-output>
        </test-method> <!-- ReadData9 -->
        <test-method status="PASS" signature="teardown()[pri:0, instance:com.sa.happytrip.tests.testcases.TestCase_09@ff5b51f]" name="teardown" is-config="true" duration-ms="533" started-at="2020-07-03T20:27:40 IST" finished-at="2020-07-03T20:27:41 IST">
          <reporter-output>
          </reporter-output>
        </test-method> <!-- teardown -->
      </class> <!-- com.sa.happytrip.tests.testcases.TestCase_09 -->
      <class name="com.sa.happytrip.tests.testcases.TestCase_06">
        <test-method status="PASS" signature="setup()[pri:0, instance:com.sa.happytrip.tests.testcases.TestCase_06@56ef9176]" name="setup" is-config="true" duration-ms="13026" started-at="2020-07-03T20:26:16 IST" finished-at="2020-07-03T20:26:29 IST">
          <reporter-output>
          </reporter-output>
        </test-method> <!-- setup -->
        <test-method status="PASS" signature="ReadData6()[pri:0, instance:com.sa.happytrip.tests.testcases.TestCase_06@56ef9176]" name="ReadData6" duration-ms="13823" started-at="2020-07-03T20:26:29 IST" finished-at="2020-07-03T20:26:43 IST">
          <reporter-output>
          </reporter-output>
        </test-method> <!-- ReadData6 -->
        <test-method status="PASS" signature="teardown()[pri:0, instance:com.sa.happytrip.tests.testcases.TestCase_06@56ef9176]" name="teardown" is-config="true" duration-ms="334" started-at="2020-07-03T20:26:43 IST" finished-at="2020-07-03T20:26:43 IST">
          <reporter-output>
          </reporter-output>
        </test-method> <!-- teardown -->
      </class> <!-- com.sa.happytrip.tests.testcases.TestCase_06 -->
      <class name="com.sa.happytrip.tests.testcases.TestCase_05">
        <test-method status="PASS" signature="setup()[pri:0, instance:com.sa.happytrip.tests.testcases.TestCase_05@13805618]" name="setup" is-config="true" duration-ms="7101" started-at="2020-07-03T20:25:55 IST" finished-at="2020-07-03T20:26:02 IST">
          <reporter-output>
          </reporter-output>
        </test-method> <!-- setup -->
        <test-method status="PASS" signature="ReadData5()[pri:0, instance:com.sa.happytrip.tests.testcases.TestCase_05@13805618]" name="ReadData5" duration-ms="12737" started-at="2020-07-03T20:26:02 IST" finished-at="2020-07-03T20:26:15 IST">
          <reporter-output>
          </reporter-output>
        </test-method> <!-- ReadData5 -->
        <test-method status="PASS" signature="teardown()[pri:0, instance:com.sa.happytrip.tests.testcases.TestCase_05@13805618]" name="teardown" is-config="true" duration-ms="1106" started-at="2020-07-03T20:26:15 IST" finished-at="2020-07-03T20:26:16 IST">
          <reporter-output>
          </reporter-output>
        </test-method> <!-- teardown -->
      </class> <!-- com.sa.happytrip.tests.testcases.TestCase_05 -->
      <class name="com.sa.happytrip.tests.testcases.TestCase_08">
        <test-method status="PASS" signature="setup()[pri:0, instance:com.sa.happytrip.tests.testcases.TestCase_08@1ed4004b]" name="setup" is-config="true" duration-ms="6260" started-at="2020-07-03T20:27:04 IST" finished-at="2020-07-03T20:27:10 IST">
          <reporter-output>
          </reporter-output>
        </test-method> <!-- setup -->
        <test-method status="PASS" signature="ReadData8()[pri:0, instance:com.sa.happytrip.tests.testcases.TestCase_08@1ed4004b]" name="ReadData8" duration-ms="13706" started-at="2020-07-03T20:27:10 IST" finished-at="2020-07-03T20:27:24 IST">
          <reporter-output>
          </reporter-output>
        </test-method> <!-- ReadData8 -->
        <test-method status="PASS" signature="teardown()[pri:0, instance:com.sa.happytrip.tests.testcases.TestCase_08@1ed4004b]" name="teardown" is-config="true" duration-ms="95" started-at="2020-07-03T20:27:24 IST" finished-at="2020-07-03T20:27:24 IST">
          <reporter-output>
          </reporter-output>
        </test-method> <!-- teardown -->
      </class> <!-- com.sa.happytrip.tests.testcases.TestCase_08 -->
      <class name="com.sa.happytrip.tests.testcases.TestCase_07">
        <test-method status="PASS" signature="setup()[pri:0, instance:com.sa.happytrip.tests.testcases.TestCase_07@4566e5bd]" name="setup" is-config="true" duration-ms="6186" started-at="2020-07-03T20:26:43 IST" finished-at="2020-07-03T20:26:49 IST">
          <reporter-output>
          </reporter-output>
        </test-method> <!-- setup -->
        <test-method status="PASS" signature="ReadData7()[pri:0, instance:com.sa.happytrip.tests.testcases.TestCase_07@4566e5bd]" name="ReadData7" duration-ms="13536" started-at="2020-07-03T20:26:49 IST" finished-at="2020-07-03T20:27:03 IST">
          <reporter-output>
          </reporter-output>
        </test-method> <!-- ReadData7 -->
        <test-method status="PASS" signature="teardown()[pri:0, instance:com.sa.happytrip.tests.testcases.TestCase_07@4566e5bd]" name="teardown" is-config="true" duration-ms="745" started-at="2020-07-03T20:27:03 IST" finished-at="2020-07-03T20:27:04 IST">
          <reporter-output>
          </reporter-output>
        </test-method> <!-- teardown -->
      </class> <!-- com.sa.happytrip.tests.testcases.TestCase_07 -->
      <class name="com.sa.happytrip.tests.testcases.TestCase_02">
        <test-method status="PASS" signature="setup()[pri:0, instance:com.sa.happytrip.tests.testcases.TestCase_02@6e1567f1]" name="setup" is-config="true" duration-ms="19645" started-at="2020-07-03T20:24:27 IST" finished-at="2020-07-03T20:24:47 IST">
          <reporter-output>
          </reporter-output>
        </test-method> <!-- setup -->
        <test-method status="PASS" signature="ReadData2()[pri:0, instance:com.sa.happytrip.tests.testcases.TestCase_02@6e1567f1]" name="ReadData2" duration-ms="24241" started-at="2020-07-03T20:24:47 IST" finished-at="2020-07-03T20:25:11 IST">
          <reporter-output>
          </reporter-output>
        </test-method> <!-- ReadData2 -->
        <test-method status="PASS" signature="teardown()[pri:0, instance:com.sa.happytrip.tests.testcases.TestCase_02@6e1567f1]" name="teardown" is-config="true" duration-ms="1394" started-at="2020-07-03T20:25:11 IST" finished-at="2020-07-03T20:25:12 IST">
          <reporter-output>
          </reporter-output>
        </test-method> <!-- teardown -->
      </class> <!-- com.sa.happytrip.tests.testcases.TestCase_02 -->
      <class name="com.sa.happytrip.tests.testcases.TestCase_01">
        <test-method status="PASS" signature="setup()[pri:0, instance:com.sa.happytrip.tests.testcases.TestCase_01@59494225]" name="setup" is-config="true" duration-ms="75892" started-at="2020-07-03T20:22:33 IST" finished-at="2020-07-03T20:23:48 IST">
          <reporter-output>
          </reporter-output>
        </test-method> <!-- setup -->
        <test-method status="PASS" signature="ReadData1()[pri:0, instance:com.sa.happytrip.tests.testcases.TestCase_01@59494225]" name="ReadData1" duration-ms="35261" started-at="2020-07-03T20:23:48 IST" finished-at="2020-07-03T20:24:24 IST">
          <reporter-output>
          </reporter-output>
        </test-method> <!-- ReadData1 -->
        <test-method status="PASS" signature="teardown()[pri:0, instance:com.sa.happytrip.tests.testcases.TestCase_01@59494225]" name="teardown" is-config="true" duration-ms="3247" started-at="2020-07-03T20:24:24 IST" finished-at="2020-07-03T20:24:27 IST">
          <reporter-output>
          </reporter-output>
        </test-method> <!-- teardown -->
      </class> <!-- com.sa.happytrip.tests.testcases.TestCase_01 -->
      <class name="com.sa.happytrip.tests.testcases.TestCase_04">
        <test-method status="PASS" signature="setup()[pri:0, instance:com.sa.happytrip.tests.testcases.TestCase_04@cb644e]" name="setup" is-config="true" duration-ms="3814" started-at="2020-07-03T20:25:37 IST" finished-at="2020-07-03T20:25:41 IST">
          <reporter-output>
          </reporter-output>
        </test-method> <!-- setup -->
        <test-method status="PASS" signature="ReadData4()[pri:0, instance:com.sa.happytrip.tests.testcases.TestCase_04@cb644e]" name="ReadData4" duration-ms="13527" started-at="2020-07-03T20:25:41 IST" finished-at="2020-07-03T20:25:54 IST">
          <reporter-output>
          </reporter-output>
        </test-method> <!-- ReadData4 -->
        <test-method status="PASS" signature="teardown()[pri:0, instance:com.sa.happytrip.tests.testcases.TestCase_04@cb644e]" name="teardown" is-config="true" duration-ms="791" started-at="2020-07-03T20:25:54 IST" finished-at="2020-07-03T20:25:55 IST">
          <reporter-output>
          </reporter-output>
        </test-method> <!-- teardown -->
      </class> <!-- com.sa.happytrip.tests.testcases.TestCase_04 -->
      <class name="com.sa.happytrip.tests.testcases.TestCase_03">
        <test-method status="PASS" signature="setup()[pri:0, instance:com.sa.happytrip.tests.testcases.TestCase_03@5cb9f472]" name="setup" is-config="true" duration-ms="10103" started-at="2020-07-03T20:25:12 IST" finished-at="2020-07-03T20:25:22 IST">
          <reporter-output>
          </reporter-output>
        </test-method> <!-- setup -->
        <test-method status="PASS" signature="ReadData3()[pri:0, instance:com.sa.happytrip.tests.testcases.TestCase_03@5cb9f472]" name="ReadData3" duration-ms="11365" started-at="2020-07-03T20:25:22 IST" finished-at="2020-07-03T20:25:34 IST">
          <reporter-output>
          </reporter-output>
        </test-method> <!-- ReadData3 -->
        <test-method status="PASS" signature="teardown()[pri:0, instance:com.sa.happytrip.tests.testcases.TestCase_03@5cb9f472]" name="teardown" is-config="true" duration-ms="3034" started-at="2020-07-03T20:25:34 IST" finished-at="2020-07-03T20:25:37 IST">
          <reporter-output>
          </reporter-output>
        </test-method> <!-- teardown -->
      </class> <!-- com.sa.happytrip.tests.testcases.TestCase_03 -->
    </test> <!-- Command line test -->
  </suite> <!-- Command line suite -->
</testng-results>
