<?xml version="1.0" encoding="UTF-8"?>
<testng-results skipped="0" failed="0" ignored="0" total="1" passed="1">
  <reporter-output>
  </reporter-output>
  <suite name="Default suite" duration-ms="18328" started-at="2020-07-03T21:43:20 IST" finished-at="2020-07-03T21:43:38 IST">
    <groups>
    </groups>
    <test name="Default test" duration-ms="18328" started-at="2020-07-03T21:43:20 IST" finished-at="2020-07-03T21:43:38 IST">
      <class name="com.sa.happytrip.tests.testcases.TestCase_01">
        <test-method status="PASS" signature="setup()[pri:0, instance:com.sa.happytrip.tests.testcases.TestCase_01@56aac163]" name="setup" is-config="true" duration-ms="6552" started-at="2020-07-03T21:43:20 IST" finished-at="2020-07-03T21:43:26 IST">
          <reporter-output>
          </reporter-output>
        </test-method> <!-- setup -->
        <test-method status="PASS" signature="ReadData1()[pri:0, instance:com.sa.happytrip.tests.testcases.TestCase_01@56aac163]" name="ReadData1" duration-ms="11529" started-at="2020-07-03T21:43:26 IST" finished-at="2020-07-03T21:43:38 IST">
          <reporter-output>
          </reporter-output>
        </test-method> <!-- ReadData1 -->
        <test-method status="PASS" signature="teardown()[pri:0, instance:com.sa.happytrip.tests.testcases.TestCase_01@56aac163]" name="teardown" is-config="true" duration-ms="188" started-at="2020-07-03T21:43:38 IST" finished-at="2020-07-03T21:43:38 IST">
          <reporter-output>
          </reporter-output>
        </test-method> <!-- teardown -->
      </class> <!-- com.sa.happytrip.tests.testcases.TestCase_01 -->
    </test> <!-- Default test -->
  </suite> <!-- Default suite -->
</testng-results>
